<?xml version="1.0" encoding="UTF-8"?>
<!-- Generated by org.testng.reporters.JUnitReportReporter -->
<testsuite hostname="MicrosoftPB" failures="0" tests="7" name="actions_Interaction_Test.ActionTest" time="48.111" errors="0" timestamp="24 Jan 2024 18:28:53 GMT" skipped="6">
  <testcase classname="actions_Interaction_Test.ActionTest" name="ClikOnMulitpleRasidbuttonsUsingKysDown" time="48.111"/>
  <testcase classname="actions_Interaction_Test.ActionTest" name="TabBySendKeys">
    <skipped/>
  </testcase> <!-- TabBySendKeys -->
  <testcase classname="actions_Interaction_Test.ActionTest" name="doubleClick">
    <skipped/>
  </testcase> <!-- doubleClick -->
  <testcase classname="actions_Interaction_Test.ActionTest" name="SendTheStringInCapitalLetter">
    <skipped/>
  </testcase> <!-- SendTheStringInCapitalLetter -->
  <testcase classname="actions_Interaction_Test.ActionTest" name="slidetheslider">
    <skipped/>
  </testcase> <!-- slidetheslider -->
  <testcase classname="actions_Interaction_Test.ActionTest" name="DrangAndDropSliderTest">
    <skipped/>
  </testcase> <!-- DrangAndDropSliderTest -->
  <testcase classname="actions_Interaction_Test.ActionTest" name="openLinkUsingControlkey">
    <skipped/>
  </testcase> <!-- openLinkUsingControlkey -->
</testsuite> <!-- actions_Interaction_Test.ActionTest -->
