<?xml version="1.0" encoding="UTF-8"?>
<!-- Generated by org.testng.reporters.JUnitReportReporter -->
<testsuite hostname="MicrosoftPB" failures="0" tests="4" name="qa.refreshThePage.RefreshTest" time="184.059" errors="0" timestamp="15 Jan 2024 17:34:39 GMT" skipped="0">
  <testcase classname="qa.refreshThePage.RefreshTest" name="refreshByTheNavigate" time="58.201"/>
  <testcase classname="qa.refreshThePage.RefreshTest" name="refreshByCurrentUrl" time="20.978"/>
  <testcase classname="qa.refreshThePage.RefreshTest" name="refreshByF5" time="49.507"/>
  <testcase classname="qa.refreshThePage.RefreshTest" name="RefreshByJavascriptExecutor" time="55.373"/>
</testsuite> <!-- qa.refreshThePage.RefreshTest -->
