<?xml version="1.0" encoding="UTF-8"?>
<!-- Generated by org.testng.reporters.JUnitReportReporter -->
<testsuite hostname="MicrosoftPB" failures="0" tests="2" name="javascriptExecutorTest.javascripexecutorsyntaxes" time="68.733" errors="0" timestamp="26 Jan 2024 18:07:52 GMT" skipped="1">
  <testcase classname="javascriptExecutorTest.javascripexecutorsyntaxes" name="ScrollToTop" time="68.733"/>
  <testcase classname="javascriptExecutorTest.javascripexecutorsyntaxes" name="ClickThePage">
    <skipped/>
  </testcase> <!-- ClickThePage -->
</testsuite> <!-- javascriptExecutorTest.javascripexecutorsyntaxes -->
