<?xml version="1.0" encoding="UTF-8"?>
<!-- Generated by org.testng.reporters.JUnitReportReporter -->
<testsuite hostname="MicrosoftPB" failures="0" tests="8" name="selectOptionsTest.SelectTest" time="30.329" errors="0" timestamp="26 Jan 2024 12:54:03 GMT" skipped="7">
  <testcase classname="selectOptionsTest.SelectTest" name="getAllSelectedOptions" time="30.329"/>
  <testcase classname="selectOptionsTest.SelectTest" name="selectcountry">
    <skipped/>
  </testcase> <!-- selectcountry -->
  <testcase classname="selectOptionsTest.SelectTest" name="TestIsMultiple">
    <skipped/>
  </testcase> <!-- TestIsMultiple -->
  <testcase classname="selectOptionsTest.SelectTest" name="SelectByIndex">
    <skipped/>
  </testcase> <!-- SelectByIndex -->
  <testcase classname="selectOptionsTest.SelectTest" name="SelectByVisibleText">
    <skipped/>
  </testcase> <!-- SelectByVisibleText -->
  <testcase classname="selectOptionsTest.SelectTest" name="selectcolour">
    <skipped/>
  </testcase> <!-- selectcolour -->
  <testcase classname="selectOptionsTest.SelectTest" name="getOptionsTest">
    <skipped/>
  </testcase> <!-- getOptionsTest -->
  <testcase classname="selectOptionsTest.SelectTest" name="SelectFirstOption">
    <skipped/>
  </testcase> <!-- SelectFirstOption -->
</testsuite> <!-- selectOptionsTest.SelectTest -->
