<?xml version="1.0" encoding="UTF-8"?>
<!-- Generated by org.testng.reporters.JUnitReportReporter -->
<testsuite hostname="MicrosoftPB" failures="0" tests="1" name="Mislanious.AuthenticationpopupTest" time="12.449" errors="0" timestamp="23 Jan 2024 17:39:44 GMT" skipped="0">
  <testcase classname="Mislanious.AuthenticationpopupTest" name="authenticationPopupTest" time="12.449"/>
</testsuite> <!-- Mislanious.AuthenticationpopupTest -->
