<?xml version="1.0" encoding="UTF-8"?>
<!-- Generated by org.testng.reporters.JUnitReportReporter -->
<testsuite hostname="MicrosoftPB" failures="0" tests="2" name="javascriptExecutorTest.javascripexecutorsyntaxes" time="14.203" errors="0" timestamp="24 Jan 2024 18:06:55 GMT" skipped="1">
  <testcase classname="javascriptExecutorTest.javascripexecutorsyntaxes" name="ScrollBottomAndTop" time="14.203"/>
  <testcase classname="javascriptExecutorTest.javascripexecutorsyntaxes" name="ClickThePage">
    <skipped/>
  </testcase> <!-- ClickThePage -->
</testsuite> <!-- javascriptExecutorTest.javascripexecutorsyntaxes -->
