<?xml version="1.0" encoding="UTF-8"?>
<!-- Generated by org.testng.reporters.JUnitReportReporter -->
<testsuite hostname="MicrosoftPB" failures="0" tests="1" name="Mislanious.ListcountTest" time="0.000" errors="0" timestamp="23 Jan 2024 17:01:20 GMT" skipped="1">
  <testcase classname="Mislanious.ListcountTest" name="Listcountofsimilatobject" time="0.000">
    <skipped/>
  </testcase> <!-- Listcountofsimilatobject -->
</testsuite> <!-- Mislanious.ListcountTest -->
