<?xml version="1.0" encoding="UTF-8"?>
<!-- Generated by org.testng.reporters.JUnitReportReporter -->
<testsuite hostname="MicrosoftPB" failures="0" tests="5" name="Mislanious.RefreshTest" time="0.000" errors="0" timestamp="23 Jan 2024 17:01:20 GMT" skipped="5">
  <testcase classname="Mislanious.RefreshTest" name="refreshByTheNavigate" time="0.000">
    <skipped/>
  </testcase> <!-- refreshByTheNavigate -->
  <testcase classname="Mislanious.RefreshTest" name="refreshByCurrentUrl" time="0.000">
    <skipped/>
  </testcase> <!-- refreshByCurrentUrl -->
  <testcase classname="Mislanious.RefreshTest" name="refreshByF5" time="0.000">
    <skipped/>
  </testcase> <!-- refreshByF5 -->
  <testcase classname="Mislanious.RefreshTest" name="RefreshByJavascriptExecutor" time="0.000">
    <skipped/>
  </testcase> <!-- RefreshByJavascriptExecutor -->
  <testcase classname="Mislanious.RefreshTest" name="ActionsclassTrefresh" time="0.000">
    <skipped/>
  </testcase> <!-- ActionsclassTrefresh -->
</testsuite> <!-- Mislanious.RefreshTest -->
