<?xml version="1.0" encoding="UTF-8"?>
<!-- Generated by org.testng.reporters.JUnitReportReporter -->
<testsuite hostname="MicrosoftPB" failures="0" tests="7" name="selectOptionsTest.SelectTest" time="123.197" errors="0" timestamp="15 Jan 2024 01:55:37 GMT" skipped="5">
  <testcase classname="selectOptionsTest.SelectTest" name="getOptionsTest" time="27.064"/>
  <testcase classname="selectOptionsTest.SelectTest" name="SelectFirstOption" time="96.133"/>
  <testcase classname="selectOptionsTest.SelectTest" name="selectcountry">
    <skipped/>
  </testcase> <!-- selectcountry -->
  <testcase classname="selectOptionsTest.SelectTest" name="TestIsMultiple">
    <skipped/>
  </testcase> <!-- TestIsMultiple -->
  <testcase classname="selectOptionsTest.SelectTest" name="SelectByIndex">
    <skipped/>
  </testcase> <!-- SelectByIndex -->
  <testcase classname="selectOptionsTest.SelectTest" name="SelectByVisibleText">
    <skipped/>
  </testcase> <!-- SelectByVisibleText -->
  <testcase classname="selectOptionsTest.SelectTest" name="selectcolour">
    <skipped/>
  </testcase> <!-- selectcolour -->
</testsuite> <!-- selectOptionsTest.SelectTest -->
