<?xml version="1.0" encoding="UTF-8"?>
<!-- Generated by org.testng.reporters.JUnitReportReporter -->
<testsuite hostname="MicrosoftPB" failures="0" tests="1" name="gridSelenium4.Firefox_GridTest" time="0.000" errors="0" timestamp="23 Jan 2024 17:01:20 GMT" skipped="1">
  <testcase classname="gridSelenium4.Firefox_GridTest" name="gridTest" time="0.000">
    <skipped/>
  </testcase> <!-- gridTest -->
</testsuite> <!-- gridSelenium4.Firefox_GridTest -->
