<?xml version="1.0" encoding="UTF-8"?>
<!-- Generated by org.testng.reporters.JUnitReportReporter -->
<testsuite hostname="MicrosoftPB" failures="0" tests="2" name="testNGPriorities.dependsOnTest" time="0.011" errors="0" timestamp="02 Feb 2024 15:06:09 GMT" skipped="0">
  <testcase classname="testNGPriorities.dependsOnTest" name="Test3" time="0.003"/>
  <testcase classname="testNGPriorities.dependsOnTest" name="Test1" time="0.008"/>
</testsuite> <!-- testNGPriorities.dependsOnTest -->
