<?xml version="1.0" encoding="UTF-8"?>
<!-- Generated by org.testng.reporters.JUnitReportReporter -->
<testsuite hostname="MicrosoftPB" failures="0" tests="2" name="enanabledOrselected.testselected_And_enabled" time="0.000" errors="0" timestamp="23 Jan 2024 17:01:20 GMT" skipped="2">
  <testcase classname="enanabledOrselected.testselected_And_enabled" name="TestIsMultiple" time="0.000">
    <skipped/>
  </testcase> <!-- TestIsMultiple -->
  <testcase classname="enanabledOrselected.testselected_And_enabled" name="IsSelected">
    <skipped/>
  </testcase> <!-- IsSelected -->
</testsuite> <!-- enanabledOrselected.testselected_And_enabled -->
