<?xml version="1.0" encoding="UTF-8"?>
<!-- Generated by org.testng.reporters.JUnitReportReporter -->
<testsuite hostname="MicrosoftPB" failures="0" tests="2" name="javascriptExecutorTest.javascripexecutorsyntaxes" time="15.962" errors="0" timestamp="26 Jan 2024 03:48:31 GMT" skipped="1">
  <testcase classname="javascriptExecutorTest.javascripexecutorsyntaxes" name="getURLUsingJsExecutor" time="15.962"/>
  <testcase classname="javascriptExecutorTest.javascripexecutorsyntaxes" name="ClickThePage">
    <skipped/>
  </testcase> <!-- ClickThePage -->
</testsuite> <!-- javascriptExecutorTest.javascripexecutorsyntaxes -->
