<?xml version="1.0" encoding="UTF-8"?>
<!-- Generated by org.testng.reporters.JUnitReportReporter -->
<testsuite hostname="MicrosoftPB" failures="0" tests="1" name="qa.iframeHandle.IframeHandleTest" time="19.738" errors="0" timestamp="26 Jan 2024 15:33:06 GMT" skipped="0">
  <testcase classname="qa.iframeHandle.IframeHandleTest" name="FindIframeonPage" time="19.738"/>
</testsuite> <!-- qa.iframeHandle.IframeHandleTest -->
