<?xml version="1.0" encoding="UTF-8"?>
<!-- Generated by org.testng.reporters.JUnitReportReporter -->
<testsuite hostname="MicrosoftPB" failures="0" tests="5" name="AlertTest" time="215.667" errors="0" timestamp="2024-01-04T20:47:31 IST" skipped="1">
  <testcase classname="AlertTest" name="AlertTest" time="5.079"/>
  <system-out/>
  <testcase classname="AlertTest" name="acceptAlert" time="178.193"/>
  <system-out/>
  <testcase classname="AlertTest" name="dismissAlert" time="16.517"/>
  <system-out/>
  <testcase classname="AlertTest" name="gettextfromAlert" time="15.878"/>
  <system-out/>
  <testcase classname="AlertTest" name="acceptAlert">
    <skipped/>
  </testcase> <!-- acceptAlert -->
  <system-out/>
</testsuite> <!-- AlertTest -->
