<?xml version="1.0" encoding="UTF-8"?>
<!-- Generated by org.testng.reporters.JUnitReportReporter -->
<testsuite hostname="MicrosoftPB" failures="0" tests="10" name="actions_Interaction_Test.ActionTestNew" time="54.276" errors="0" timestamp="20 Jan 2024 17:57:33 GMT" skipped="8">
  <testcase classname="actions_Interaction_Test.ActionTestNew" name="SendTheStringInCapitalLetter" time="33.182"/>
  <testcase classname="actions_Interaction_Test.ActionTestNew" name="driverSendKeysCapital" time="21.094"/>
  <testcase classname="actions_Interaction_Test.ActionTestNew" name="doubleClick">
    <skipped/>
  </testcase> <!-- doubleClick -->
  <testcase classname="actions_Interaction_Test.ActionTestNew" name="hoverWaitAndClick">
    <skipped/>
  </testcase> <!-- hoverWaitAndClick -->
  <testcase classname="actions_Interaction_Test.ActionTestNew" name="slidetheslider">
    <skipped/>
  </testcase> <!-- slidetheslider -->
  <testcase classname="actions_Interaction_Test.ActionTestNew" name="DrangAndDropSliderTest">
    <skipped/>
  </testcase> <!-- DrangAndDropSliderTest -->
  <testcase classname="actions_Interaction_Test.ActionTestNew" name="context_Or_RighClick">
    <skipped/>
  </testcase> <!-- context_Or_RighClick -->
  <testcase classname="actions_Interaction_Test.ActionTestNew" name="DragElemetFromSurceToDestination">
    <skipped/>
  </testcase> <!-- DragElemetFromSurceToDestination -->
  <testcase classname="actions_Interaction_Test.ActionTestNew" name="openLinkUsingControlkey">
    <skipped/>
  </testcase> <!-- openLinkUsingControlkey -->
  <testcase classname="actions_Interaction_Test.ActionTestNew" name="TabBySendKeys">
    <skipped/>
  </testcase> <!-- TabBySendKeys -->
</testsuite> <!-- actions_Interaction_Test.ActionTestNew -->
