<?xml version="1.0" encoding="UTF-8"?>
<!-- Generated by org.testng.reporters.JUnitReportReporter -->
<testsuite hostname="MicrosoftPB" failures="0" tests="5" name="alertTest.AlertTest" time="56.928" errors="0" timestamp="09 Jan 2024 05:03:38 GMT" skipped="1">
  <testcase classname="alertTest.AlertTest" name="AlertTest" time="5.833"/>
  <testcase classname="alertTest.AlertTest" name="acceptAlert" time="19.572"/>
  <testcase classname="alertTest.AlertTest" name="dismissAlert" time="15.355"/>
  <testcase classname="alertTest.AlertTest" name="gettextfromAlert" time="16.168"/>
  <testcase classname="alertTest.AlertTest" name="acceptAlert">
    <skipped/>
  </testcase> <!-- acceptAlert -->
</testsuite> <!-- alertTest.AlertTest -->
