<?xml version="1.0" encoding="UTF-8"?>
<!-- Generated by org.testng.reporters.JUnitReportReporter -->
<testsuite hostname="MicrosoftPB" failures="0" tests="7" name="selectOptionsTest.SelectTest" time="0.000" errors="0" timestamp="23 Jan 2024 17:01:20 GMT" skipped="7">
  <testcase classname="selectOptionsTest.SelectTest" name="SelectFirstOption" time="0.000">
    <skipped/>
  </testcase> <!-- SelectFirstOption -->
  <testcase classname="selectOptionsTest.SelectTest" name="selectcountry">
    <skipped/>
  </testcase> <!-- selectcountry -->
  <testcase classname="selectOptionsTest.SelectTest" name="TestIsMultiple">
    <skipped/>
  </testcase> <!-- TestIsMultiple -->
  <testcase classname="selectOptionsTest.SelectTest" name="SelectByIndex">
    <skipped/>
  </testcase> <!-- SelectByIndex -->
  <testcase classname="selectOptionsTest.SelectTest" name="SelectByVisibleText">
    <skipped/>
  </testcase> <!-- SelectByVisibleText -->
  <testcase classname="selectOptionsTest.SelectTest" name="selectcolour">
    <skipped/>
  </testcase> <!-- selectcolour -->
  <testcase classname="selectOptionsTest.SelectTest" name="getOptionsTest">
    <skipped/>
  </testcase> <!-- getOptionsTest -->
</testsuite> <!-- selectOptionsTest.SelectTest -->
