<?xml version="1.0" encoding="UTF-8"?>
<!-- Generated by org.testng.reporters.JUnitReportReporter -->
<testsuite hostname="MicrosoftPB" failures="0" tests="1" name="Mislanious.GetTitle" time="26.706" errors="0" timestamp="21 Jan 2024 17:26:45 GMT" skipped="0">
  <testcase classname="Mislanious.GetTitle" name="getTitle" time="26.706"/>
</testsuite> <!-- Mislanious.GetTitle -->
