<?xml version="1.0" encoding="UTF-8"?>
<!-- Generated by org.testng.reporters.JUnitReportReporter -->
<testsuite hostname="MicrosoftPB" failures="0" tests="10" name="actions_Interaction_Test.ActionTestNew" time="0.000" errors="0" timestamp="23 Jan 2024 17:01:20 GMT" skipped="10">
  <testcase classname="actions_Interaction_Test.ActionTestNew" name="SendTheStringInCapitalLetter" time="0.000">
    <skipped/>
  </testcase> <!-- SendTheStringInCapitalLetter -->
  <testcase classname="actions_Interaction_Test.ActionTestNew" name="driverSendKeysCapital" time="0.000">
    <skipped/>
  </testcase> <!-- driverSendKeysCapital -->
  <testcase classname="actions_Interaction_Test.ActionTestNew" name="doubleClick">
    <skipped/>
  </testcase> <!-- doubleClick -->
  <testcase classname="actions_Interaction_Test.ActionTestNew" name="hoverWaitAndClick">
    <skipped/>
  </testcase> <!-- hoverWaitAndClick -->
  <testcase classname="actions_Interaction_Test.ActionTestNew" name="slidetheslider">
    <skipped/>
  </testcase> <!-- slidetheslider -->
  <testcase classname="actions_Interaction_Test.ActionTestNew" name="DrangAndDropSliderTest">
    <skipped/>
  </testcase> <!-- DrangAndDropSliderTest -->
  <testcase classname="actions_Interaction_Test.ActionTestNew" name="context_Or_RighClick">
    <skipped/>
  </testcase> <!-- context_Or_RighClick -->
  <testcase classname="actions_Interaction_Test.ActionTestNew" name="DragElemetFromSurceToDestination">
    <skipped/>
  </testcase> <!-- DragElemetFromSurceToDestination -->
  <testcase classname="actions_Interaction_Test.ActionTestNew" name="openLinkUsingControlkey">
    <skipped/>
  </testcase> <!-- openLinkUsingControlkey -->
  <testcase classname="actions_Interaction_Test.ActionTestNew" name="TabBySendKeys">
    <skipped/>
  </testcase> <!-- TabBySendKeys -->
</testsuite> <!-- actions_Interaction_Test.ActionTestNew -->
