<?xml version="1.0" encoding="UTF-8"?>
<!-- Generated by org.testng.reporters.JUnitReportReporter -->
<testsuite hostname="parag-PC" failures="0" tests="9" name="actions_Interaction_Test.ActionTest" time="61.282" errors="0" timestamp="24 Jan 2024 16:06:30 GMT" skipped="6">
  <testcase classname="actions_Interaction_Test.ActionTest" name="DragElemetFromSurceToDestination" time="39.975"/>
  <testcase classname="actions_Interaction_Test.ActionTest" name="context_Or_RighClick" time="12.626"/>
  <testcase classname="actions_Interaction_Test.ActionTest" name="hoverWaitAndClick" time="8.681"/>
  <testcase classname="actions_Interaction_Test.ActionTest" name="TabBySendKeys">
    <skipped/>
  </testcase> <!-- TabBySendKeys -->
  <testcase classname="actions_Interaction_Test.ActionTest" name="doubleClick">
    <skipped/>
  </testcase> <!-- doubleClick -->
  <testcase classname="actions_Interaction_Test.ActionTest" name="SendTheStringInCapitalLetter">
    <skipped/>
  </testcase> <!-- SendTheStringInCapitalLetter -->
  <testcase classname="actions_Interaction_Test.ActionTest" name="slidetheslider">
    <skipped/>
  </testcase> <!-- slidetheslider -->
  <testcase classname="actions_Interaction_Test.ActionTest" name="DrangAndDropSliderTest">
    <skipped/>
  </testcase> <!-- DrangAndDropSliderTest -->
  <testcase classname="actions_Interaction_Test.ActionTest" name="openLinkUsingControlkey">
    <skipped/>
  </testcase> <!-- openLinkUsingControlkey -->
</testsuite> <!-- actions_Interaction_Test.ActionTest -->
