<?xml version="1.0" encoding="UTF-8"?>
<!-- Generated by org.testng.reporters.JUnitReportReporter -->
<testsuite hostname="MicrosoftPB" failures="0" tests="5" name="testNGPriorities.HightoLowPriorityTest" time="0.000" errors="0" timestamp="23 Jan 2024 17:01:20 GMT" skipped="5">
  <testcase classname="testNGPriorities.HightoLowPriorityTest" name="e_metnod" time="0.000">
    <skipped/>
  </testcase> <!-- e_metnod -->
  <testcase classname="testNGPriorities.HightoLowPriorityTest" name="b_metnod" time="0.000">
    <skipped/>
  </testcase> <!-- b_metnod -->
  <testcase classname="testNGPriorities.HightoLowPriorityTest" name="c_metnod" time="0.000">
    <skipped/>
  </testcase> <!-- c_metnod -->
  <testcase classname="testNGPriorities.HightoLowPriorityTest" name="a_metnod" time="0.000">
    <skipped/>
  </testcase> <!-- a_metnod -->
  <testcase classname="testNGPriorities.HightoLowPriorityTest" name="d_metnod" time="0.000">
    <skipped/>
  </testcase> <!-- d_metnod -->
</testsuite> <!-- testNGPriorities.HightoLowPriorityTest -->
