<?xml version="1.0" encoding="UTF-8"?>
<!-- Generated by org.testng.reporters.JUnitReportReporter -->
  <testcase classname="actions_Interaction_Test.ActionTest" name="TabBySendKeys">
    <skipped/>
  </testcase> <!-- TabBySendKeys -->
  <testcase classname="actions_Interaction_Test.ActionTest" name="doubleClick">
    <skipped/>
  </testcase> <!-- doubleClick -->
  <testcase classname="actions_Interaction_Test.ActionTest" name="SendTheStringInCapitalLetter">
    <skipped/>
  </testcase> <!-- SendTheStringInCapitalLetter -->
  <testcase classname="actions_Interaction_Test.ActionTest" name="slidetheslider">
    <skipped/>
  </testcase> <!-- slidetheslider -->
  <testcase classname="actions_Interaction_Test.ActionTest" name="DrangAndDropSliderTest">
    <skipped/>
  </testcase> <!-- DrangAndDropSliderTest -->
  <testcase classname="actions_Interaction_Test.ActionTest" name="openLinkUsingControlkey">
    <skipped/>
  </testcase> <!-- openLinkUsingControlkey -->
</testsuite> <!-- actions_Interaction_Test.ActionTest -->
