<?xml version="1.0" encoding="UTF-8"?>
<!-- Generated by org.testng.reporters.JUnitReportReporter -->
  <testcase classname="javascriptExecutorTest.javascripexecutorsyntaxes" name="ClickThePage">
    <skipped/>
  </testcase> <!-- ClickThePage -->
</testsuite> <!-- javascriptExecutorTest.javascripexecutorsyntaxes -->
