<?xml version="1.0" encoding="UTF-8"?>
<!-- Generated by org.testng.reporters.JUnitReportReporter -->
<testsuite hostname="MicrosoftPB" failures="0" tests="1" name="gridSelenium4.GridTestEdge" time="68.398" errors="0" timestamp="18 Jan 2024 16:30:00 GMT" skipped="0">
  <testcase classname="gridSelenium4.GridTestEdge" name="gridTest" time="68.398"/>
</testsuite> <!-- gridSelenium4.GridTestEdge -->
