<?xml version="1.0" encoding="UTF-8"?>
<!-- Generated by org.testng.reporters.JUnitReportReporter -->
<testsuite hostname="parag-PC" failures="0" tests="1" name="Mislanious.AuthenticationpopupTest" time="24.276" errors="0" timestamp="24 Jan 2024 16:06:30 GMT" skipped="0">
  <testcase classname="Mislanious.AuthenticationpopupTest" name="authenticationPopupTest" time="24.276"/>
</testsuite> <!-- Mislanious.AuthenticationpopupTest -->
