<?xml version="1.0" encoding="UTF-8"?>
<!-- Generated by org.testng.reporters.JUnitReportReporter -->
<testsuite hostname="MicrosoftPB" failures="0" tests="2" name="selectOptions.SelectTest" time="21.843" errors="0" timestamp="2024-01-07T00:02:49 IST" skipped="0">
  <testcase classname="selectOptions.SelectTest" name="selectcolour" time="10.554"/>
  <system-out/>
  <testcase classname="selectOptions.SelectTest" name="selectcountry" time="11.289"/>
  <system-out/>
</testsuite> <!-- selectOptions.SelectTest -->
