<?xml version="1.0" encoding="UTF-8"?>
<!-- Generated by org.testng.reporters.JUnitReportReporter -->
<testsuite hostname="MicrosoftPB" failures="0" tests="1" name="Mislanious.AuthenticationpopupTest" time="192.623" errors="0" timestamp="27 Jan 2024 03:33:20 GMT" skipped="0">
  <testcase classname="Mislanious.AuthenticationpopupTest" name="authenticationPopupTest" time="192.623"/>
</testsuite> <!-- Mislanious.AuthenticationpopupTest -->
