<?xml version="1.0" encoding="UTF-8"?>
<!-- Generated by org.testng.reporters.JUnitReportReporter -->
<testsuite hostname="MicrosoftPB" failures="0" tests="5" name="testNGPriorities.HightoLowPriorityTest" time="0.014" errors="0" timestamp="20 Jan 2024 16:12:50 GMT" skipped="0">
  <testcase classname="testNGPriorities.HightoLowPriorityTest" name="c_metnod" time="0.001"/>
  <testcase classname="testNGPriorities.HightoLowPriorityTest" name="b_metnod" time="0.009"/>
  <testcase classname="testNGPriorities.HightoLowPriorityTest" name="e_metnod" time="0.002"/>
  <testcase classname="testNGPriorities.HightoLowPriorityTest" name="a_metnod" time="0.001"/>
  <testcase classname="testNGPriorities.HightoLowPriorityTest" name="d_metnod" time="0.001"/>
</testsuite> <!-- testNGPriorities.HightoLowPriorityTest -->
