<?xml version="1.0" encoding="UTF-8"?>
<!-- Generated by org.testng.reporters.JUnitReportReporter -->
<testsuite hostname="MicrosoftPB" failures="0" tests="4" name="testNGPriorities.TestNGPrioritiesTest" time="0.018" errors="0" timestamp="13 Jan 2024 16:11:08 GMT" skipped="0">
  <testcase classname="testNGPriorities.TestNGPrioritiesTest" name="method4" time="0.011"/>
  <testcase classname="testNGPriorities.TestNGPrioritiesTest" name="method1" time="0.004"/>
  <testcase classname="testNGPriorities.TestNGPrioritiesTest" name="method2" time="0.002"/>
  <testcase classname="testNGPriorities.TestNGPrioritiesTest" name="method3" time="0.001"/>
</testsuite> <!-- testNGPriorities.TestNGPrioritiesTest -->
