<?xml version="1.0" encoding="UTF-8"?>
<!-- Generated by org.testng.reporters.JUnitReportReporter -->
<testsuite hostname="MicrosoftPB" failures="0" tests="4" name="testNGPriorities.TestNGPrioritiesTest" time="0.000" errors="0" timestamp="23 Jan 2024 17:01:20 GMT" skipped="4">
  <testcase classname="testNGPriorities.TestNGPrioritiesTest" name="method4" time="0.000">
    <skipped/>
  </testcase> <!-- method4 -->
  <testcase classname="testNGPriorities.TestNGPrioritiesTest" name="method1" time="0.000">
    <skipped/>
  </testcase> <!-- method1 -->
  <testcase classname="testNGPriorities.TestNGPrioritiesTest" name="method2" time="0.000">
    <skipped/>
  </testcase> <!-- method2 -->
  <testcase classname="testNGPriorities.TestNGPrioritiesTest" name="method3" time="0.000">
    <skipped/>
  </testcase> <!-- method3 -->
</testsuite> <!-- testNGPriorities.TestNGPrioritiesTest -->
