<?xml version="1.0" encoding="UTF-8"?>
<!-- Generated by org.testng.reporters.JUnitReportReporter -->
<testsuite hostname="MicrosoftPB" failures="0" tests="2" name="enanabledOrselected.testselected_And_enabled" time="27.101" errors="0" timestamp="15 Jan 2024 01:32:42 GMT" skipped="1">
  <testcase classname="enanabledOrselected.testselected_And_enabled" name="TestIsMultiple" time="27.101"/>
  <testcase classname="enanabledOrselected.testselected_And_enabled" name="IsSelected">
    <skipped/>
  </testcase> <!-- IsSelected -->
</testsuite> <!-- enanabledOrselected.testselected_And_enabled -->
