<?xml version="1.0" encoding="UTF-8"?>
<!-- Generated by org.testng.reporters.JUnitReportReporter -->
<testsuite hostname="MicrosoftPB" failures="0" tests="5" name="Actions_Interaction.Actionsest" time="98.617" errors="0" timestamp="13 Jan 2024 02:23:42 GMT" skipped="0">
  <testcase classname="Actions_Interaction.Actionsest" name="openLinkUsingControlkey" time="15.830"/>
  <testcase classname="Actions_Interaction.Actionsest" name="DrangAndDropSliderTest" time="17.235"/>
  <testcase classname="Actions_Interaction.Actionsest" name="slidetheslider" time="12.137"/>
  <testcase classname="Actions_Interaction.Actionsest" name="TabBySendKeys" time="21.295"/>
  <testcase classname="Actions_Interaction.Actionsest" name="SendTheStringInCapitalLetter" time="32.120"/>
</testsuite> <!-- Actions_Interaction.Actionsest -->
