<?xml version="1.0" encoding="UTF-8"?>
<!-- Generated by org.testng.reporters.JUnitReportReporter -->
<testsuite hostname="parag-PC" failures="0" tests="2" name="alertTest.AlertTest" time="30.323" errors="0" timestamp="24 Jan 2024 16:06:30 GMT" skipped="1">
  <testcase classname="alertTest.AlertTest" name="dismissAlert" time="30.323"/>
  <testcase classname="alertTest.AlertTest" name="acceptAlert">
    <skipped/>
  </testcase> <!-- acceptAlert -->
</testsuite> <!-- alertTest.AlertTest -->
