<?xml version="1.0" encoding="UTF-8"?>
<!-- Generated by org.testng.reporters.JUnitReportReporter -->
<testsuite hostname="MicrosoftPB" failures="0" tests="2" name="alertTest.AlertTest" time="19.097" errors="0" timestamp="23 Jan 2024 17:39:45 GMT" skipped="1">
  <testcase classname="alertTest.AlertTest" name="dismissAlert" time="19.097"/>
  <testcase classname="alertTest.AlertTest" name="acceptAlert">
    <skipped/>
  </testcase> <!-- acceptAlert -->
</testsuite> <!-- alertTest.AlertTest -->
