<?xml version="1.0" encoding="UTF-8"?>
<!-- Generated by org.testng.reporters.JUnitReportReporter -->
<testsuite hostname="MicrosoftPB" failures="0" tests="9" name="actions_Interaction_Test.ActionTest" time="45.778" errors="0" timestamp="23 Jan 2024 17:39:45 GMT" skipped="6">
  <testcase classname="actions_Interaction_Test.ActionTest" name="DragElemetFromSurceToDestination" time="28.118"/>
  <testcase classname="actions_Interaction_Test.ActionTest" name="context_Or_RighClick" time="11.002"/>
  <testcase classname="actions_Interaction_Test.ActionTest" name="hoverWaitAndClick" time="6.658"/>
  <testcase classname="actions_Interaction_Test.ActionTest" name="TabBySendKeys">
    <skipped/>
  </testcase> <!-- TabBySendKeys -->
  <testcase classname="actions_Interaction_Test.ActionTest" name="doubleClick">
    <skipped/>
  </testcase> <!-- doubleClick -->
  <testcase classname="actions_Interaction_Test.ActionTest" name="SendTheStringInCapitalLetter">
    <skipped/>
  </testcase> <!-- SendTheStringInCapitalLetter -->
  <testcase classname="actions_Interaction_Test.ActionTest" name="slidetheslider">
    <skipped/>
  </testcase> <!-- slidetheslider -->
  <testcase classname="actions_Interaction_Test.ActionTest" name="DrangAndDropSliderTest">
    <skipped/>
  </testcase> <!-- DrangAndDropSliderTest -->
  <testcase classname="actions_Interaction_Test.ActionTest" name="openLinkUsingControlkey">
    <skipped/>
  </testcase> <!-- openLinkUsingControlkey -->
</testsuite> <!-- actions_Interaction_Test.ActionTest -->
