<?xml version="1.0" encoding="UTF-8"?>
<!-- Generated by org.testng.reporters.JUnitReportReporter -->
<testsuite hostname="MicrosoftPB" failures="0" tests="1" name="gridSelenium4.GridTest" time="43.716" errors="0" timestamp="18 Jan 2024 15:48:19 GMT" skipped="0">
  <testcase classname="gridSelenium4.GridTest" name="gridTest" time="43.716"/>
</testsuite> <!-- gridSelenium4.GridTest -->
