<?xml version="1.0" encoding="UTF-8"?>
<!-- Generated by org.testng.reporters.JUnitReportReporter -->
<testsuite hostname="MicrosoftPB" failures="0" tests="1" name="windowHandleTest.HandleWindowTest" time="54.017" errors="0" timestamp="26 Jan 2024 17:55:04 GMT" skipped="0">
  <testcase classname="windowHandleTest.HandleWindowTest" name="hadleWindows" time="54.017"/>
</testsuite> <!-- windowHandleTest.HandleWindowTest -->
